    Checking cfg-if v1.0.4
    Checking libc v0.2.180
    Checking libm v0.2.15
    Checking crossbeam-utils v0.8.21
    Checking zerocopy v0.8.33
    Checking memchr v2.7.6
    Checking serde_core v1.0.228
    Checking num-traits v0.2.19
    Checking once_cell v1.21.3
    Checking equivalent v1.0.2
    Checking crossbeam-epoch v0.9.18
    Checking log v0.4.29
    Checking either v1.15.0
    Checking bytemuck v1.24.0
    Checking crossbeam-deque v0.8.6
    Checking ppv-lite86 v0.2.21
    Checking getrandom v0.3.4
    Checking crossbeam-channel v0.5.15
    Checking pin-project-lite v0.2.16
    Checking rand_core v0.9.5
    Checking rayon-core v1.13.0
    Checking rand_chacha v0.9.0
    Checking portable-atomic v1.13.0
    Checking rayon v1.11.0
    Checking scopeguard v1.2.0
    Checking lock_api v0.4.14
    Checking rand v0.9.2
    Checking serde v1.0.228
   Compiling aho-corasick v1.1.4
    Checking half v2.7.1
    Checking parking v2.2.1
    Checking foldhash v0.1.5
    Checking fastrand v2.3.0
    Checking allocator-api2 v0.2.21
    Checking adler2 v2.0.1
    Checking futures-io v0.3.31
    Checking simd-adler32 v0.3.8
    Checking futures-core v0.3.31
    Checking hashbrown v0.15.5
    Checking futures-lite v2.6.1
   Compiling regex-automata v0.4.13
    Checking miniz_oxide v0.8.9
    Checking spin v0.10.0
    Checking crc32fast v1.5.0
    Checking derive_more v2.1.1
    Checking num-integer v0.1.46
    Checking web-time v1.1.0
    Checking embassy-futures v0.1.2
    Checking zlib-rs v0.5.5
    Checking cubecl-common v0.6.0
   Compiling strsim v0.11.1
   Compiling darling_core v0.20.11
    Checking burn-common v0.18.0
    Checking rand_distr v0.5.1
    Checking serde_bytes v0.11.19
    Checking flate2 v1.1.8
    Checking thread-tree v0.3.3
    Checking num-complex v0.4.6
    Checking num_cpus v1.17.0
    Checking rawpointer v0.2.1
    Checking colored v3.1.1
   Compiling bstr v1.12.1
    Checking regex-syntax v0.8.8
    Checking hashbrown v0.16.1
   Compiling darling_macro v0.20.11
    Checking burn-tensor v0.18.0
    Checking indexmap v2.13.0
    Checking matrixmultiply v0.3.10
   Compiling encoding_rs v0.8.35
   Compiling grep-matcher v0.1.8
   Compiling darling v0.20.11
   Compiling memmap2 v0.9.9
   Compiling zmij v1.0.15
    Checking getrandom v0.2.17
    Checking utf8parse v0.2.2
    Checking bytes v1.11.0
   Compiling encoding_rs_io v0.1.7
   Compiling itoa v1.0.17
   Compiling serde_json v1.0.149
    Checking noodles-bgzf v0.45.0
   Compiling grep-searcher v0.1.16
    Checking noodles-core v0.18.0
    Checking anstyle-parse v0.2.7
    Checking rand_core v0.6.4
   Compiling macerator-macros v0.1.3
    Checking ndarray v0.16.1
   Compiling globset v0.4.18
    Checking rmp v0.8.15
    Checking tracing-core v0.1.36
    Checking moddef v0.3.0
    Checking is_terminal_polyfill v1.70.2
    Checking unty v0.0.4
    Checking anstyle v1.0.13
    Checking anstyle-query v1.1.5
    Checking colorchoice v1.0.4
    Checking bit-vec v0.8.0
    Checking anstream v0.6.21
    Checking noodles-csi v0.53.0
    Checking bincode v2.0.1
    Checking macerator v0.2.9
    Checking rmp-serde v1.3.1
   Compiling grep-printer v0.3.1
   Compiling grep-cli v0.1.12
    Checking rand_chacha v0.3.1
    Checking ahash v0.8.12
    Checking burn-autodiff v0.18.0
    Checking burn-ir v0.18.0
   Compiling grep-regex v0.1.14
    Checking itertools v0.14.0
    Checking unicode-width v0.2.0
    Checking uuid v1.19.0
    Checking strength_reduce v0.2.4
    Checking atomic_float v1.1.0
    Checking lazy_static v1.5.0
    Checking data-encoding v2.10.0
    Checking sharded-slab v0.1.7
    Checking burn-core v0.18.0
    Checking transpose v0.2.3
    Checking console v0.16.2
    Checking tracing v0.1.44
   Compiling grep v0.4.1
    Checking rand v0.8.5
    Checking noodles-tabix v0.59.0
    Checking tracing-log v0.2.0
    Checking matchers v0.2.0
    Checking burn-ndarray v0.18.0
    Checking regex v1.12.2
    Checking primal-check v0.3.4
    Checking itertools v0.13.0
    Checking noisy_float v0.2.1
    Checking thread_local v1.1.9
    Checking smallvec v1.15.1
    Checking nu-ansi-term v0.50.3
    Checking unit-prefix v0.5.2
    Checking clap_lex v0.7.7
    Checking tap v1.0.1
    Checking percent-encoding v2.3.2
    Checking wyz v0.5.1
    Checking noodles-vcf v0.83.0
    Checking ndarray-stats v0.6.0
    Checking clap_builder v4.5.54
    Checking indicatif v0.18.3
    Checking tracing-subscriber v0.3.22
    Checking equator v0.4.2
    Checking rustfft v6.4.1
    Checking env_filter v0.1.4
   Compiling reagle v0.1.0 (/app)
    Checking radium v0.7.0
    Checking ndarray v0.17.2
error: this `if` statement can be collapsed
    --> build.rs:1953:13
     |
1953 | /             if file_name.starts_with(&prefix) {
1954 | |                 if let Ok(metadata) = std::fs::metadata(&path) {
1955 | |                     if let Ok(mtime) = metadata.modified() {
1956 | |                         if candidate.is_none() || mtime > candidate_mtime {
...    |
1962 | |             }
     | |_____________^
     |
     = help: for further information visit https://rust-lang.github.io/rust-clippy/rust-1.91.0/index.html#collapsible_if
     = note: `-D clippy::collapsible-if` implied by `-D warnings`
     = help: to override `-D warnings` add `#[allow(clippy::collapsible_if)]`
help: collapse nested if block
     |
1953 ~             if file_name.starts_with(&prefix)
1954 ~                 && let Ok(metadata) = std::fs::metadata(&path) {
1955 |                     if let Ok(mtime) = metadata.modified() {
 ...
1960 |                     }
1961 ~                 }
     |

error: this `if` statement can be collapsed
    --> build.rs:1954:17
     |
1954 | /                 if let Ok(metadata) = std::fs::metadata(&path) {
1955 | |                     if let Ok(mtime) = metadata.modified() {
1956 | |                         if candidate.is_none() || mtime > candidate_mtime {
1957 | |                             candidate = Some(path);
...    |
1961 | |                 }
     | |_________________^
     |
     = help: for further information visit https://rust-lang.github.io/rust-clippy/rust-1.91.0/index.html#collapsible_if
help: collapse nested if block
     |
1954 ~                 if let Ok(metadata) = std::fs::metadata(&path)
1955 ~                     && let Ok(mtime) = metadata.modified() {
1956 |                         if candidate.is_none() || mtime > candidate_mtime {
 ...
1959 |                         }
1960 ~                     }
     |

error: this `if` statement can be collapsed
    --> build.rs:1955:21
     |
1955 | /                     if let Ok(mtime) = metadata.modified() {
1956 | |                         if candidate.is_none() || mtime > candidate_mtime {
1957 | |                             candidate = Some(path);
1958 | |                             candidate_mtime = mtime;
1959 | |                         }
1960 | |                     }
     | |_____________________^
     |
     = help: for further information visit https://rust-lang.github.io/rust-clippy/rust-1.91.0/index.html#collapsible_if
help: collapse nested if block
     |
1955 ~                     if let Ok(mtime) = metadata.modified()
1956 ~                         && (candidate.is_none() || mtime > candidate_mtime) {
1957 |                             candidate = Some(path);
1958 |                             candidate_mtime = mtime;
1959 ~                         }
     |

error: this `if` statement can be collapsed
    --> build.rs:3516:5
     |
3516 | /     if let Some(c) = before {
3517 | |         if is_word_char(c) {
3518 | |             return false;
3519 | |         }
3520 | |     }
     | |_____^
     |
     = help: for further information visit https://rust-lang.github.io/rust-clippy/rust-1.91.0/index.html#collapsible_if
help: collapse nested if block
     |
3516 ~     if let Some(c) = before
3517 ~         && is_word_char(c) {
3518 |             return false;
3519 ~         }
     |

error: this `if` statement can be collapsed
    --> build.rs:3521:5
     |
3521 | /     if let Some(c) = after {
3522 | |         if is_word_char(c) {
3523 | |             return false;
3524 | |         }
3525 | |     }
     | |_____^
     |
     = help: for further information visit https://rust-lang.github.io/rust-clippy/rust-1.91.0/index.html#collapsible_if
help: collapse nested if block
     |
3521 ~     if let Some(c) = after
3522 ~         && is_word_char(c) {
3523 |             return false;
3524 ~         }
     |

error: could not compile `reagle` (build script) due to 5 previous errors
warning: build failed, waiting for other jobs to finish...
